d:\git\masterproject\program\m2\m2\x64\release\utilsfcn.h.ifc
d:\git\masterproject\program\m2\m2\x64\release\utilsfcn.h.ifc.d.json
d:\git\masterproject\program\m2\m2\x64\release\utilsfcn.h.obj
d:\git\masterproject\program\m2\m2\x64\release\vc143.pdb
d:\git\masterproject\program\m2\m2\x64\release\main.obj
d:\git\masterproject\program\m2\m2\x64\release\tabusearch.obj
d:\git\masterproject\program\m2\m2\x64\release\simulatedannealing.obj
d:\git\masterproject\program\m2\m2\x64\release\localsearch.obj
d:\git\masterproject\program\m2\m2\x64\release\algorithm.obj
d:\git\masterproject\program\m2\m2\x64\release\vehicle.obj
d:\git\masterproject\program\m2\m2\x64\release\utilsfcn.obj
d:\git\masterproject\program\m2\m2\x64\release\solution.obj
d:\git\masterproject\program\m2\m2\x64\release\problem.obj
d:\git\masterproject\program\m2\m2\x64\release\map.obj
d:\git\masterproject\program\m2\m2\x64\release\fileio.obj
d:\git\masterproject\program\m2\m2\x64\release\client.obj
d:\git\masterproject\program\m2\x64\release\solver.exe
d:\git\masterproject\program\m2\x64\release\solver.pdb
d:\git\masterproject\program\m2\m2\x64\release\solver.iobj
c:\users\jkaniowski\bezonedrive\dev\1\program\m2\m2\x64\release\utilsfcn.h.module.json
d:\git\masterproject\program\m2\m2\x64\release\utilsfcn.h.module.json
d:\git\masterproject\pliki\m2\x64\release\algorithm.obj
d:\git\masterproject\pliki\m2\x64\release\client.obj
d:\git\masterproject\pliki\m2\x64\release\fileio.obj
d:\git\masterproject\pliki\m2\x64\release\localsearch.obj
d:\git\masterproject\pliki\m2\x64\release\main.obj
d:\git\masterproject\pliki\m2\x64\release\map.obj
d:\git\masterproject\pliki\m2\x64\release\problem.obj
d:\git\masterproject\pliki\m2\x64\release\simulatedannealing.obj
d:\git\masterproject\pliki\m2\x64\release\solution.obj
d:\git\masterproject\pliki\m2\x64\release\tabusearch.obj
d:\git\masterproject\pliki\m2\x64\release\utilsfcn.h.obj
d:\git\masterproject\pliki\m2\x64\release\utilsfcn.obj
d:\git\masterproject\pliki\m2\x64\release\vehicle.obj
d:\git\masterproject\pliki\m2\x64\release\ctvrp solver.ipdb
d:\git\masterproject\pliki\m2\x64\release\m2.ipdb
d:\git\masterproject\pliki\m2\x64\release\solver.ipdb
d:\git\masterproject\pliki\m2\x64\release\ctvrp solver.iobj
d:\git\masterproject\pliki\m2\x64\release\m2.iobj
d:\git\masterproject\pliki\m2\x64\release\solver.iobj
d:\git\masterproject\pliki\m2\x64\release\vc143.pdb
d:\git\masterproject\pliki\m2\x64\release\ctvrp solver.tlog\cl.command.1.tlog
d:\git\masterproject\pliki\m2\x64\release\ctvrp solver.tlog\cl.items.tlog
d:\git\masterproject\pliki\m2\x64\release\ctvrp solver.tlog\cl.read.1.tlog
d:\git\masterproject\pliki\m2\x64\release\ctvrp solver.tlog\cl.write.1.tlog
d:\git\masterproject\pliki\m2\x64\release\ctvrp solver.tlog\link.command.1.tlog
d:\git\masterproject\pliki\m2\x64\release\ctvrp solver.tlog\link.read.1.tlog
d:\git\masterproject\pliki\m2\x64\release\ctvrp solver.tlog\link.write.1.tlog
d:\git\masterproject\pliki\m2\x64\release\ctvrp solver_md.tlog\cl.command.1.tlog
d:\git\masterproject\pliki\m2\x64\release\ctvrp solver_md.tlog\microsoft.build.cpptasks.cl.read.1.tlog
d:\git\masterproject\pliki\m2\x64\release\ctvrp solver_md.tlog\microsoft.build.cpptasks.cl.write.1.tlog
